<hello xmlns="urn:ietf:params:xml:ns:netconf:base:1.0"><capabilities><capability>urn:ietf:params:netconf:base:1.0</capability><capability>urn:ietf:params:netconf:base:1.1</capability><capability>urn:ietf:params:netconf:capability:writable-running:1.0</capability><capability>urn:ietf:params:netconf:capability:candidate:1.0</capability><capability>urn:ietf:params:netconf:capability:rollback-on-error:1.0</capability><capability>urn:ietf:params:netconf:capability:validate:1.1</capability><capability>urn:ietf:params:netconf:capability:startup:1.0</capability><capability>urn:ietf:params:netconf:capability:xpath:1.0</capability><capability>urn:ietf:params:netconf:capability:with-defaults:1.0?basic-mode=explicit&amp;also-supported=report-all,report-all-tagged,trim,explicit</capability><capability>urn:ietf:params:netconf:capability:notification:1.0</capability><capability>urn:ietf:params:netconf:capability:interleave:1.0</capability><capability>urn:ietf:params:xml:ns:yang:ietf-yang-metadata?module=ietf-yang-metadata&amp;revision=2016-08-05</capability><capability>urn:ietf:params:xml:ns:yang:1?module=yang&amp;revision=2017-02-20</capability><capability>urn:ietf:params:xml:ns:yang:ietf-inet-types?module=ietf-inet-types&amp;revision=2013-07-15</capability><capability>urn:ietf:params:xml:ns:yang:ietf-yang-types?module=ietf-yang-types&amp;revision=2013-07-15</capability><capability>urn:ietf:params:xml:ns:yang:ietf-yang-library?module=ietf-yang-library&amp;revision=2016-06-21&amp;module-set-id=37</capability><capability>urn:ietf:params:xml:ns:yang:ietf-netconf-acm?module=ietf-netconf-acm&amp;revision=2012-02-22</capability><capability>urn:ietf:params:xml:ns:netconf:base:1.0?module=ietf-netconf&amp;revision=2011-06-01&amp;features=writable-running,candidate,rollback-on-error,validate,startup,xpath</capability><capability>urn:ietf:params:xml:ns:yang:ietf-netconf-notifications?module=ietf-netconf-notifications&amp;revision=2012-02-06</capability><capability>urn:ietf:params:xml:ns:netconf:notification:1.0?module=notifications&amp;revision=2008-07-14</capability><capability>urn:ietf:params:xml:ns:netmod:notification?module=nc-notifications&amp;revision=2008-07-14</capability><capability>http://example.net/turing-machine?module=turing-machine&amp;revision=2013-12-27</capability><capability>urn:ietf:params:xml:ns:yang:ietf-interfaces?module=ietf-interfaces&amp;revision=2014-05-08</capability><capability>urn:ietf:params:xml:ns:yang:iana-if-type?module=iana-if-type&amp;revision=2014-05-08</capability><capability>urn:ietf:params:xml:ns:yang:ietf-ip?module=ietf-ip&amp;revision=2014-06-16</capability><capability>http://openconfig.net/yang/openconfig-ext?module=openconfig-extensions&amp;revision=2017-04-11</capability><capability>http://openconfig.net/yang/openconfig-types?module=openconfig-types&amp;revision=2018-01-16</capability><capability>http://openconfig.net/yang/types/yang?module=openconfig-yang-types&amp;revision=2017-07-30</capability><capability>http://openconfig.net/yang/types/inet?module=openconfig-inet-types&amp;revision=2017-08-24</capability><capability>http://openconfig.net/yang/mpls-types?module=openconfig-mpls-types&amp;revision=2017-08-24</capability><capability>http://openconfig.net/yang/bgp-types?module=openconfig-bgp-types&amp;revision=2018-03-20</capability><capability>http://openconfig.net/yang/ospf-types?module=openconfig-ospf-types&amp;revision=2017-08-24</capability><capability>http://openconfig.net/yang/policy-types?module=openconfig-policy-types&amp;revision=2017-07-14</capability><capability>http://openconfig.net/yang/network-instance-types?module=openconfig-network-instance-types&amp;revision=2017-08-24</capability><capability>https://github.com/beluganos/beluganos/yang/interfaces?module=beluganos-interfaces&amp;revision=2017-10-20</capability><capability>https://github.com/beluganos/beluganos/yang/interfaces/ip?module=beluganos-if-ip&amp;revision=2017-07-14</capability><capability>https://github.com/beluganos/beluganos/yang/interfaces/ethernet?module=beluganos-if-ethernet&amp;revision=2018-01-05</capability><capability>https://github.com/beluganos/beluganos/yang/ldp?module=beluganos-mpls-ldp&amp;revision=2017-10-20</capability><capability>https://github.com/beluganos/beluganos/yang/mpls?module=beluganos-mpls&amp;revision=2017-10-20</capability><capability>https://github.com/beluganos/beluganos/yang/routing-policy?module=beluganos-routing-policy&amp;revision=2017-10-20</capability><capability>https://github.com/beluganos/beluganos/yang/bgp?module=beluganos-bgp&amp;revision=2017-10-20</capability><capability>https://github.com/beluganos/beluganos/yang/ospfv2?module=beluganos-ospfv2&amp;revision=2017-10-20</capability><capability>https://github.com/beluganos/beluganos/yang/local-routing?module=beluganos-local-routing&amp;revision=2017-10-20</capability><capability>https://github.com/beluganos/beluganos/yang/network-instance?module=beluganos-network-instance&amp;revision=2017-10-20</capability><capability>https://github.com/beluganos/beluganos/yang/bgp-policy?module=beluganos-bgp-policy&amp;revision=2017-10-20</capability><capability>urn:ietf:params:xml:ns:yang:ietf-netconf-monitoring?module=ietf-netconf-monitoring&amp;revision=2010-10-04</capability><capability>urn:ietf:params:xml:ns:yang:ietf-netconf-with-defaults?module=ietf-netconf-with-defaults&amp;revision=2011-06-01</capability></capabilities><session-id>5</session-id></hello>]]>]]>

<hello xmlns="urn:ietf:params:xml:ns:netconf:base:1.0"><capabilities><capability>urn:ietf:params:netconf:base:1.1</capability></capabilities></hello>]]>]]>

#166
<?xml version="1.0" encoding="UTF-8"?><rpc message-id="101" xmlns="urn:ietf:params:xml:ns:netconf:base:1.0"><get-config><source><running/></source></get-config></rpc>
##

#249
<rpc-reply message-id="101" xmlns="urn:ietf:params:xml:ns:netconf:base:1.0"><data xmlns="urn:ietf:params:xml:ns:netconf:base:1.0"><routing-policy xmlns="https://github.com/beluganos/beluganos/yang/routing-policy"></routing-policy></data></rpc-reply>
##

#405
<?xml version="1.0" encoding="UTF-8"?><rpc message-id="102" xmlns="urn:ietf:params:xml:ns:netconf:base:1.0"><edit-config><target><candidate/></target><config><network-instances xmlns="https://github.com/beluganos/beluganos/yang/network-instance"><network-instance><name>master-instance</name><config><name>master-instance</name></config></network-instance></network-instances></config></edit-config></rpc>
##

#93
<rpc-reply message-id="102" xmlns="urn:ietf:params:xml:ns:netconf:base:1.0"><ok/></rpc-reply>
##

#1472
<?xml version="1.0" encoding="UTF-8"?><rpc message-id="105" xmlns="urn:ietf:params:xml:ns:netconf:base:1.0"><edit-config><target><candidate/></target><config><interfaces xmlns="https://github.com/beluganos/beluganos/yang/interfaces"></interfaces><network-instances xmlns="https://github.com/beluganos/beluganos/yang/network-instance"><network-instance><name>master-instance</name><config><name>master-instance</name><type xmlns:oc-ni-types="http://openconfig.net/yang/network-instance-types">oc-ni-types:DEFAULT_INSTANCE</type><router-id>1.1.1.1</router-id><route-distinguisher>10:1</route-distinguisher><route-target>10:1</route-target></config><interfaces></interfaces><protocols><protocol><identifier xmlns:oc-pol-types="http://openconfig.net/yang/policy-types">oc-pol-types:OSPF</identifier><name>MSF-infra</name><config><identifier xmlns:oc-pol-types="http://openconfig.net/yang/policy-types">oc-pol-types:OSPF</identifier><name>MSF-infra</name></config><ospfv2><global><config><router-id>1.1.1.1</router-id></config></global><areas><area><identifier>0.0.0.0</identifier><config><identifier>0.0.0.0</identifier></config><interfaces><interface><id>lo</id><config><id>lo</id><metric>10</metric><passive>true</passive></config><interface-ref><config><interface>lo</interface><subinterface>0</subinterface></config></interface-ref></interface></interfaces></area></areas></ospfv2></protocol></protocols></network-instance></network-instances></config></edit-config></rpc>
##

#93
<rpc-reply message-id="105" xmlns="urn:ietf:params:xml:ns:netconf:base:1.0"><ok/></rpc-reply>
##

#123
<?xml version="1.0" encoding="UTF-8"?><rpc message-id="106" xmlns="urn:ietf:params:xml:ns:netconf:base:1.0"><commit/></rpc>
##

#93
<rpc-reply message-id="106" xmlns="urn:ietf:params:xml:ns:netconf:base:1.0"><ok/></rpc-reply>
##

#166
<?xml version="1.0" encoding="UTF-8"?><rpc message-id="107" xmlns="urn:ietf:params:xml:ns:netconf:base:1.0"><get-config><source><running/></source></get-config></rpc>
##

#1022
<rpc-reply message-id="107" xmlns="urn:ietf:params:xml:ns:netconf:base:1.0"><data xmlns="urn:ietf:params:xml:ns:netconf:base:1.0"><routing-policy xmlns="https://github.com/beluganos/beluganos/yang/routing-policy"></routing-policy><network-instances xmlns="https://github.com/beluganos/beluganos/yang/network-instance"><network-instance><name>master-instance</name><config><name>master-instance</name><type xmlns:oc-ni-types="http://openconfig.net/yang/network-instance-types">oc-ni-types:DEFAULT_INSTANCE</type><router-id>1.1.1.1</router-id><route-distinguisher>10:1</route-distinguisher><route-target>10:1</route-target></config><protocols><protocol><identifier xmlns:oc-pol-types="http://openconfig.net/yang/policy-types">oc-pol-types:OSPF</identifier><name>MSF-infra</name><config><identifier xmlns:oc-pol-types="http://openconfig.net/yang/policy-types">oc-pol-types:OSPF</identifier><name>MSF-infra</name></config><ospfv2><global><config><router-id>1.1.1.1</router-id></config></global><areas><area><identifier>0.0.0.0
#744
</identifier><config><identifier>0.0.0.0</identifier></config><interfaces><interface><id>lo</id><config><id>lo</id><metric>10</metric><passive>true</passive></config><interface-ref><config><interface>lo</interface><subinterface>0</subinterface></config></interface-ref><timers></timers></interface></interfaces></area></areas></ospfv2><bgp><global></global><zebra><config></config></zebra></bgp></protocol></protocols><mpls><global></global><signaling-protocols><ldp><global><address-families><ipv4><config><label-policy><advertise></advertise></label-policy></config></ipv4></address-families><discovery><interfaces></interfaces></discovery></global></ldp></signaling-protocols></mpls></network-instance></network-instances></data></rpc-reply>
##

#429
<?xml version="1.0" encoding="UTF-8"?><rpc message-id="108" xmlns="urn:ietf:params:xml:ns:netconf:base:1.0"><edit-config><target><candidate/></target><default-operation>replace</default-operation><config><interfaces xmlns="https://github.com/beluganos/beluganos/yang/interfaces"></interfaces><network-instances xmlns="https://github.com/beluganos/beluganos/yang/network-instance"></network-instances></config></edit-config></rpc>
##

#93
<rpc-reply message-id="108" xmlns="urn:ietf:params:xml:ns:netconf:base:1.0"><ok/></rpc-reply>
##

#123
<?xml version="1.0" encoding="UTF-8"?><rpc message-id="106" xmlns="urn:ietf:params:xml:ns:netconf:base:1.0"><commit/></rpc>
##

#93
<rpc-reply message-id="106" xmlns="urn:ietf:params:xml:ns:netconf:base:1.0"><ok/></rpc-reply>
##

#166
<?xml version="1.0" encoding="UTF-8"?><rpc message-id="107" xmlns="urn:ietf:params:xml:ns:netconf:base:1.0"><get-config><source><running/></source></get-config></rpc>
##

#249
<rpc-reply message-id="107" xmlns="urn:ietf:params:xml:ns:netconf:base:1.0"><data xmlns="urn:ietf:params:xml:ns:netconf:base:1.0"><routing-policy xmlns="https://github.com/beluganos/beluganos/yang/routing-policy"></routing-policy></data></rpc-reply>
##